<?xml version="1.0" encoding="UTF-8"?>
<!-- Generated by org.testng.reporters.JUnitReportReporter -->
<testsuite hostname="DESKTOP-VTOKQ5D" failures="0" tests="1" name="testBase.Testing" time="12.230" errors="0" timestamp="2023-04-25T13:15:30 EDT" skipped="0">
  <testcase classname="testBase.Testing" name="test" time="12.230"/>
  <system-out/>
</testsuite> <!-- testBase.Testing -->
