<?xml version="1.0" encoding="UTF-8"?>
<!-- Generated by org.testng.reporters.JUnitReportReporter -->
<testsuite hostname="DESKTOP-VTOKQ5D" failures="0" tests="6" name="testCases.Registration_Testcases" time="100.103" errors="0" timestamp="2023-04-27T21:16:01 EDT" skipped="0">
  <testcase classname="testCases.Registration_Testcases" name="registeraccMandortoryfieds" time="13.866"/>
  <system-out/>
  <testcase classname="testCases.Registration_Testcases" name="rgisteraccProvideallfields" time="14.458"/>
  <system-out/>
  <testcase classname="testCases.Registration_Testcases" name="verifyProperNotificationMessages" time="28.914"/>
  <system-out/>
  <testcase classname="testCases.Registration_Testcases" name="registerAccWithYes" time="17.678"/>
  <system-out/>
  <testcase classname="testCases.Registration_Testcases" name="registerAccWithNo" time="12.700"/>
  <system-out/>
  <testcase classname="testCases.Registration_Testcases" name="navtoRegisterAccPage" time="12.487"/>
  <system-out/>
</testsuite> <!-- testCases.Registration_Testcases -->
